
**** Build of configuration Release for project cryoviewer ****

make all 
Building file: ../src/MainWindow.cpp
Invoking: GCC C++ Compiler
g++ -I"/home/niall/Projects/Eclipse/CPP/cryomesh/src" -I/usr/include/gtkglextmm-1.2 -I/usr/include/gtkmm-2.4 -I"/home/niall/Projects/Eclipse/CPP/cryoviewer/src" -I"/home/niall/Projects/Eclipse/CPP/cryomesh-common/src" -O2 -Wall -c -fmessage-length=0 -std=c++0x `pkg-config --cflags gtk+-2.0 glibmm-2.4 gtkglextmm-1.2 gtkmm-2.4 openscenegraph` -MMD -MP -MF"src/MainWindow.d" -MT"src/MainWindow.d" -o"src/MainWindow.o" "../src/MainWindow.cpp"
In file included from /home/niall/Projects/Eclipse/CPP/cryomesh/src/components/ConnectionMap.h:17:0,
                 from /home/niall/Projects/Eclipse/CPP/cryomesh/src/structures/Cluster.h:12,
                 from /home/niall/Projects/Eclipse/CPP/cryomesh/src/structures/ClusterMap.h:14,
                 from /home/niall/Projects/Eclipse/CPP/cryomesh/src/structures/Bundle.h:14,
                 from ../src/display/StatisticsWindow.h:11,
                 from ../src/MainWindow.h:11,
                 from ../src/MainWindow.cpp:8:
/home/niall/Projects/Eclipse/CPP/cryomesh/src/components/Connection.h:147:3: warning: "/*" within comment
In file included from /home/niall/Projects/Eclipse/CPP/cryomesh/src/structures/Cluster.h:21:0,
                 from /home/niall/Projects/Eclipse/CPP/cryomesh/src/structures/ClusterMap.h:14,
                 from /home/niall/Projects/Eclipse/CPP/cryomesh/src/structures/Bundle.h:14,
                 from ../src/display/StatisticsWindow.h:11,
                 from ../src/MainWindow.h:11,
                 from ../src/MainWindow.cpp:8:
/home/niall/Projects/Eclipse/CPP/cryomesh/src/components/Connection.h:147:3: warning: "/*" within comment
Finished building: ../src/MainWindow.cpp
 
Building target: cryoviewer
Invoking: GCC C++ Linker
g++ -L"/home/niall/Projects/Eclipse/CPP/cryomesh/Release" -L"/home/niall/Projects/Eclipse/CPP/cryomesh-common/Release" -std=c++0x `pkg-config --libs gtkmm-2.4 openscenegraph gtk+-2.0  glibmm-2.4  gtkglextmm-1.2` -o"cryoviewer"  ./src/elements/NodeSphere.o  ./src/display/ActiveWindow.o ./src/display/ActivitiesWindow.o ./src/display/ActivityDrawingArea.o ./src/display/ConnectionActivityDrawingArea.o ./src/display/ConnectionActivityPanel.o ./src/display/ConnectionDisplayWindow.o ./src/display/DataWindow.o ./src/display/EventAdapter.o ./src/display/NodeActivityDrawingArea.o ./src/display/NodeActivityDrawingAreaPanel.o ./src/display/NodeDisplayData.o ./src/display/OSGDrawingArea.o ./src/display/StatisticsWindow.o ./src/display/StructureGLDrawingArea.o ./src/display/StructureWindow.o ./src/display/osggtkdrawingarea.o  ./src/common/SimpleGLDrawingArea.o ./src/common/SimpleGLShape.o  ./src/ComponentDisplayData.o ./src/MainWindow.o   -lcryomesh -lcryomesh-common -lgmpxx -lgmp
Finished building target: cryoviewer
 
